[35m[Appium][39m Welcome to Appium v1.22.3
[35m[Appium][39m Non-default server args:
[35m[Appium][39m   port: 61504
[35m[Appium][39m   loglevel: info
[35m[Appium][39m   tmpDir: C:\Users\hoang\AppData\Local\Temp\\Katalon\Appium\Temp1680748815640
[35m[Appium][39m   chromedriverPort: 61505
[35m[Appium][39m Deprecated server args:
[35m[Appium][39m   [31m--chromedriver-port[39m => --default-capabilities
[35m[Appium][39m Default capabilities, which will be added to each request unless overridden by desired capabilities:
[35m[Appium][39m   chromedriverPort: 61505
[35m[Appium][39m Appium REST http interface listener started on 0.0.0.0:61504
[35m[HTTP][39m [37m-->[39m [37mGET[39m [37m/wd/hub/status[39m
[35m[HTTP][39m [90m{}[39m
[35m[HTTP][39m [37m<-- GET /wd/hub/status [39m[32m200[39m [90m4 ms - 68[39m
[35m[HTTP][39m [90m[39m
[35m[HTTP][39m [37m-->[39m [37mGET[39m [37m/wd/hub/status[39m
[35m[HTTP][39m [90m{}[39m
[35m[HTTP][39m [37m<-- GET /wd/hub/status [39m[32m200[39m [90m1 ms - 68[39m
[35m[HTTP][39m [90m[39m
[35m[HTTP][39m [37m-->[39m [37mPOST[39m [37m/wd/hub/session[39m
[35m[HTTP][39m [90m{"desiredCapabilities":{"appPackage":"com.android.settings","appWaitActivity":"*","deviceId":"192.168.114.102:5555","deviceName":"samsung SM-G935FD (Android 7.1.2)","platform":"ANDROID","appActivity":".Settings","newCommandTimeout":1800,"platformVersion":"7.1.2","automationName":"uiautomator2","autoGrantPermissions":true,"platformName":"Android","udid":"127.0.0.1:21503","systemPort":8219},"capabilities":{"firstMatch":[{"appium:appActivity":".Settings","appium:appPackage":"com.android.settings","appium:appWaitActivity":"*","appium:autoGrantPermissions":true,"appium:automationName":"uiautomator2","deviceId":"192.168.114.102:5555","appium:deviceName":"samsung SM-G935FD (Android 7.1.2)","appium:newCommandTimeout":1800,"platform":"ANDROID","platformName":"android","appium:platformVersion":"7.1.2","appium:systemPort":8219,"appium:udid":"127.0.0.1:21503"}]}}[39m
[35m[BaseDriver][39m The following capabilities are not standard capabilities and should have an extension prefix:
[35m[BaseDriver][39m   deviceId
[35m[BaseDriver][39m   platform
[35m[BaseDriver][39m   chromedriverPort
[35m[Appium][39m Appium v1.22.3 creating new AndroidUiautomator2Driver (v1.70.1) session
[35m[BaseDriver][39m The following capabilities were provided, but are not recognized by Appium:
[35m[BaseDriver][39m   deviceId
[35m[BaseDriver][39m   platform
[35m[BaseDriver][39m Session created with session id: 76755eeb-a3f0-401b-8272-eeb936f50b07
[35m[UiAutomator2][39m Starting 'com.android.settings' directly on the device
[35m[ADB][39m Found 1 'build-tools' folders under 'C:\Users\hoang\.katalon\tools\android_sdk' (newest first):
[35m[ADB][39m     C:/Users/hoang/.katalon/tools/android_sdk/build-tools/29.0.3
[35m[ADB][39m Using 'adb.exe' from 'C:\Users\hoang\.katalon\tools\android_sdk\platform-tools\adb.exe'
[35m[AndroidDriver][39m Retrieving device list
[35m[AndroidDriver][39m Using device: 127.0.0.1:21503
[35m[ADB][39m Using 'adb.exe' from 'C:\Users\hoang\.katalon\tools\android_sdk\platform-tools\adb.exe'
[35m[AndroidDriver][39m No app sent in, not parsing package/activity
[35m[ADB][39m Using 'apksigner.jar' from 'C:\Users\hoang\.katalon\tools\android_sdk\build-tools\29.0.3\lib\apksigner.jar'
[35m[ADB][39m 'C:\Users\hoang\AppData\Roaming\npm\node_modules\appium\node_modules\appium-uiautomator2-server\apks\appium-uiautomator2-server-v4.27.0.apk' is signed with the default certificate
[35m[ADB][39m 'C:\Users\hoang\AppData\Roaming\npm\node_modules\appium\node_modules\appium-uiautomator2-server\apks\appium-uiautomator2-server-debug-androidTest.apk' is signed with the default certificate
[35m[UiAutomator2][39m Server packages are going to be (re)installed
[35m[ADB][39m The application at 'C:\Users\hoang\AppData\Roaming\npm\node_modules\appium\node_modules\appium-uiautomator2-server\apks\appium-uiautomator2-server-v4.27.0.apk' will not be cached, because the device under test has confirmed the support of streamed installs
[35m[ADB][39m The installation of 'appium-uiautomator2-server-v4.27.0.apk' took 5598ms
[35m[ADB][39m The application at 'C:\Users\hoang\AppData\Roaming\npm\node_modules\appium\node_modules\appium-uiautomator2-server\apks\appium-uiautomator2-server-debug-androidTest.apk' will not be cached, because the device under test has confirmed the support of streamed installs
[35m[ADB][39m The installation of 'appium-uiautomator2-server-debug-androidTest.apk' took 2636ms
[35m[ADB][39m Adding packages ["io.appium.settings","io.appium.uiautomator2.server","io.appium.uiautomator2.server.test"] to Doze whitelist
[35m[UiAutomator2][39m Starting UIAutomator2 server 4.27.0
[35m[UiAutomator2][39m Using UIAutomator2 server from 'C:\Users\hoang\AppData\Roaming\npm\node_modules\appium\node_modules\appium-uiautomator2-server\apks\appium-uiautomator2-server-v4.27.0.apk' and test from 'C:\Users\hoang\AppData\Roaming\npm\node_modules\appium\node_modules\appium-uiautomator2-server\apks\appium-uiautomator2-server-debug-androidTest.apk'
[35m[UiAutomator2][39m Waiting up to 30000ms for UiAutomator2 to be online...
[35m[WD Proxy][39m socket hang up
[35m[WD Proxy][39m socket hang up
[35m[WD Proxy][39m Determined the downstream protocol as 'W3C'
[35m[AndroidDriver][39m Screen already unlocked, doing nothing
[35m[UiAutomator2][39m Starting 'com.android.settings/.Settings and waiting for 'com.android.settings/*'
[35m[Appium][39m New AndroidUiautomator2Driver session created successfully, session 76755eeb-a3f0-401b-8272-eeb936f50b07 added to master session list
[35m[HTTP][39m [37m<-- POST /wd/hub/session [39m[32m200[39m [90m18556 ms - 1295[39m
[35m[HTTP][39m [90m[39m
[35m[HTTP][39m [37m-->[39m [37mGET[39m [37m/wd/hub/session/76755eeb-a3f0-401b-8272-eeb936f50b07[39m
[35m[HTTP][39m [90m{}[39m
[35m[HTTP][39m [37m<-- GET /wd/hub/session/76755eeb-a3f0-401b-8272-eeb936f50b07 [39m[32m200[39m [90m10 ms - 1249[39m
[35m[HTTP][39m [90m[39m
[35m[HTTP][39m [37m-->[39m [37mGET[39m [37m/wd/hub/session/76755eeb-a3f0-401b-8272-eeb936f50b07[39m
[35m[HTTP][39m [90m{}[39m
[35m[HTTP][39m [37m<-- GET /wd/hub/session/76755eeb-a3f0-401b-8272-eeb936f50b07 [39m[32m200[39m [90m6 ms - 1249[39m
[35m[HTTP][39m [90m[39m
[35m[HTTP][39m [37m-->[39m [37mGET[39m [37m/wd/hub/status[39m
[35m[HTTP][39m [90m{}[39m
[35m[HTTP][39m [37m<-- GET /wd/hub/status [39m[32m200[39m [90m1 ms - 68[39m
[35m[HTTP][39m [90m[39m
[35m[HTTP][39m [37m-->[39m [37mPOST[39m [37m/wd/hub/session/76755eeb-a3f0-401b-8272-eeb936f50b07/timeouts[39m
[35m[HTTP][39m [90m{"implicit":60000}[39m
[35m[HTTP][39m [37m<-- POST /wd/hub/session/76755eeb-a3f0-401b-8272-eeb936f50b07/timeouts [39m[32m200[39m [90m3 ms - 14[39m
[35m[HTTP][39m [90m[39m
[35m[HTTP][39m [37m-->[39m [37mGET[39m [37m/wd/hub/session/76755eeb-a3f0-401b-8272-eeb936f50b07/screenshot[39m
[35m[HTTP][39m [90m{}[39m
[35m[HTTP][39m [37m<-- GET /wd/hub/session/76755eeb-a3f0-401b-8272-eeb936f50b07/screenshot [39m[32m200[39m [90m249 ms - 22580[39m
[35m[HTTP][39m [90m[39m
[35m[HTTP][39m [37m-->[39m [37mGET[39m [37m/wd/hub/session/76755eeb-a3f0-401b-8272-eeb936f50b07/window/rect[39m
[35m[HTTP][39m [90m{}[39m
[35m[HTTP][39m [37m<-- GET /wd/hub/session/76755eeb-a3f0-401b-8272-eeb936f50b07/window/rect [39m[32m200[39m [90m48 ms - 49[39m
[35m[HTTP][39m [90m[39m
[35m[HTTP][39m [37m-->[39m [37mGET[39m [37m/wd/hub/session/76755eeb-a3f0-401b-8272-eeb936f50b07/appium/device/system_bars[39m
[35m[HTTP][39m [90m{}[39m
[35m[HTTP][39m [37m<-- GET /wd/hub/session/76755eeb-a3f0-401b-8272-eeb936f50b07/appium/device/system_bars [39m[31m500[39m [90m111 ms - 647[39m
[35m[HTTP][39m [90m[39m
[35m[HTTP][39m [37m-->[39m [37mPOST[39m [37m/wd/hub/session/76755eeb-a3f0-401b-8272-eeb936f50b07/execute/sync[39m
[35m[HTTP][39m [90m{"script":"mobile:viewportRect","args":[]}[39m
[35m[AndroidDriver][39m Executing native command 'mobile:viewportRect'
[35m[HTTP][39m [37m<-- POST /wd/hub/session/76755eeb-a3f0-401b-8272-eeb936f50b07/execute/sync [39m[32m200[39m [90m11 ms - 55[39m
[35m[HTTP][39m [90m[39m
[35m[HTTP][39m [37m-->[39m [37mPOST[39m [37m/wd/hub/session/76755eeb-a3f0-401b-8272-eeb936f50b07/appium/device/activate_app[39m
[35m[HTTP][39m [90m{"bundleId":"vn.com.seabank.mb1"}[39m
[35m[HTTP][39m [37m<-- POST /wd/hub/session/76755eeb-a3f0-401b-8272-eeb936f50b07/appium/device/activate_app [39m[32m200[39m [90m1496 ms - 14[39m
[35m[HTTP][39m [90m[39m
[35m[HTTP][39m [37m-->[39m [37mGET[39m [37m/wd/hub/session/76755eeb-a3f0-401b-8272-eeb936f50b07/source[39m
[35m[HTTP][39m [90m{}[39m
[35m[W3C (76755eeb)][39m Driver proxy active, passing request on via HTTP proxy
[35m[WD Proxy][39m Replacing sessionId a5b1f175-12d6-46c7-9350-afabfda93d00 with 76755eeb-a3f0-401b-8272-eeb936f50b07
[35m[HTTP][39m [37m<-- GET /wd/hub/session/76755eeb-a3f0-401b-8272-eeb936f50b07/source [39m[32m200[39m [90m91 ms - 6578[39m
[35m[HTTP][39m [90m[39m
[35m[HTTP][39m [37m-->[39m [37mGET[39m [37m/wd/hub/session/76755eeb-a3f0-401b-8272-eeb936f50b07/screenshot[39m
[35m[HTTP][39m [90m{}[39m
[35m[HTTP][39m [37m<-- GET /wd/hub/session/76755eeb-a3f0-401b-8272-eeb936f50b07/screenshot [39m[32m200[39m [90m239 ms - 25190[39m
[35m[HTTP][39m [90m[39m
[35m[HTTP][39m [37m-->[39m [37mGET[39m [37m/wd/hub/session/76755eeb-a3f0-401b-8272-eeb936f50b07/source[39m
[35m[HTTP][39m [90m{}[39m
[35m[W3C (76755eeb)][39m Driver proxy active, passing request on via HTTP proxy
[35m[WD Proxy][39m Replacing sessionId a5b1f175-12d6-46c7-9350-afabfda93d00 with 76755eeb-a3f0-401b-8272-eeb936f50b07
[35m[HTTP][39m [37m<-- GET /wd/hub/session/76755eeb-a3f0-401b-8272-eeb936f50b07/source [39m[32m200[39m [90m35 ms - 14227[39m
[35m[HTTP][39m [90m[39m
[35m[HTTP][39m [37m-->[39m [37mGET[39m [37m/wd/hub/session/76755eeb-a3f0-401b-8272-eeb936f50b07/screenshot[39m
[35m[HTTP][39m [90m{}[39m
[35m[HTTP][39m [37m<-- GET /wd/hub/session/76755eeb-a3f0-401b-8272-eeb936f50b07/screenshot [39m[32m200[39m [90m521 ms - 1058638[39m
[35m[HTTP][39m [90m[39m
[35m[HTTP][39m [37m-->[39m [37mGET[39m [37m/wd/hub/session/76755eeb-a3f0-401b-8272-eeb936f50b07/source[39m
[35m[HTTP][39m [90m{}[39m
[35m[W3C (76755eeb)][39m Driver proxy active, passing request on via HTTP proxy
[35m[WD Proxy][39m Replacing sessionId a5b1f175-12d6-46c7-9350-afabfda93d00 with 76755eeb-a3f0-401b-8272-eeb936f50b07
[35m[HTTP][39m [37m<-- GET /wd/hub/session/76755eeb-a3f0-401b-8272-eeb936f50b07/source [39m[32m200[39m [90m36 ms - 14827[39m
[35m[HTTP][39m [90m[39m
[35m[HTTP][39m [37m-->[39m [37mGET[39m [37m/wd/hub/session/76755eeb-a3f0-401b-8272-eeb936f50b07/screenshot[39m
[35m[HTTP][39m [90m{}[39m
[35m[HTTP][39m [37m<-- GET /wd/hub/session/76755eeb-a3f0-401b-8272-eeb936f50b07/screenshot [39m[32m200[39m [90m337 ms - 922498[39m
[35m[HTTP][39m [90m[39m
[35m[HTTP][39m [37m-->[39m [37mPOST[39m [37m/wd/hub/session/76755eeb-a3f0-401b-8272-eeb936f50b07/elements[39m
[35m[HTTP][39m [90m{"using":"xpath","value":"//*[@class = 'android.widget.EditText' and (@text = 'Tên đăng nhập' or . = 'Tên đăng nhập') and @resource-id = 'vn.com.seabank.mb1:id/edtEditextBase']"}[39m
[35m[HTTP][39m [37m<-- POST /wd/hub/session/76755eeb-a3f0-401b-8272-eeb936f50b07/elements [39m[32m200[39m [90m101 ms - 139[39m
[35m[HTTP][39m [90m[39m
[35m[HTTP][39m [37m-->[39m [37mGET[39m [37m/wd/hub/session/76755eeb-a3f0-401b-8272-eeb936f50b07/window/rect[39m
[35m[HTTP][39m [90m{}[39m
[35m[HTTP][39m [37m<-- GET /wd/hub/session/76755eeb-a3f0-401b-8272-eeb936f50b07/window/rect [39m[32m200[39m [90m8 ms - 49[39m
[35m[HTTP][39m [90m[39m
[35m[HTTP][39m [37m-->[39m [37mPOST[39m [37m/wd/hub/session/76755eeb-a3f0-401b-8272-eeb936f50b07/elements[39m
[35m[HTTP][39m [90m{"using":"xpath","value":"//*[@class = 'android.widget.EditText' and (@text = 'Tên đăng nhập' or . = 'Tên đăng nhập') and @resource-id = 'vn.com.seabank.mb1:id/edtEditextBase']"}[39m
[35m[HTTP][39m [37m<-- POST /wd/hub/session/76755eeb-a3f0-401b-8272-eeb936f50b07/elements [39m[32m200[39m [90m40 ms - 139[39m
[35m[HTTP][39m [90m[39m
[35m[HTTP][39m [37m-->[39m [37mGET[39m [37m/wd/hub/session/76755eeb-a3f0-401b-8272-eeb936f50b07/element/00000000-0000-000a-7fff-ffff00000028/location[39m
[35m[HTTP][39m [90m{}[39m
[35m[W3C (76755eeb)][39m Driver proxy active, passing request on via HTTP proxy
[35m[WD Proxy][39m Replacing sessionId a5b1f175-12d6-46c7-9350-afabfda93d00 with 76755eeb-a3f0-401b-8272-eeb936f50b07
[35m[HTTP][39m [37m<-- GET /wd/hub/session/76755eeb-a3f0-401b-8272-eeb936f50b07/element/00000000-0000-000a-7fff-ffff00000028/location [39m[32m200[39m [90m10 ms - 77[39m
[35m[HTTP][39m [90m[39m
[35m[HTTP][39m [37m-->[39m [37mPOST[39m [37m/wd/hub/session/76755eeb-a3f0-401b-8272-eeb936f50b07/element/00000000-0000-000a-7fff-ffff00000028/clear[39m
[35m[HTTP][39m [90m{"id":"00000000-0000-000a-7fff-ffff00000028"}[39m
[35m[HTTP][39m [37m<-- POST /wd/hub/session/76755eeb-a3f0-401b-8272-eeb936f50b07/element/00000000-0000-000a-7fff-ffff00000028/clear [39m[32m200[39m [90m8 ms - 14[39m
[35m[HTTP][39m [90m[39m
[35m[HTTP][39m [37m-->[39m [37mPOST[39m [37m/wd/hub/session/76755eeb-a3f0-401b-8272-eeb936f50b07/element/00000000-0000-000a-7fff-ffff00000028/value[39m
[35m[HTTP][39m [90m{"id":"00000000-0000-000a-7fff-ffff00000028","text":"DANGSIEUHOANG","value":["D","A","N","G","S","I","E","U","H","O","A","N","G"]}[39m
[35m[HTTP][39m [37m<-- POST /wd/hub/session/76755eeb-a3f0-401b-8272-eeb936f50b07/element/00000000-0000-000a-7fff-ffff00000028/value [39m[32m200[39m [90m988 ms - 14[39m
[35m[HTTP][39m [90m[39m
[35m[HTTP][39m [37m-->[39m [37mGET[39m [37m/wd/hub/session/76755eeb-a3f0-401b-8272-eeb936f50b07/source[39m
[35m[HTTP][39m [90m{}[39m
[35m[W3C (76755eeb)][39m Driver proxy active, passing request on via HTTP proxy
[35m[WD Proxy][39m Replacing sessionId a5b1f175-12d6-46c7-9350-afabfda93d00 with 76755eeb-a3f0-401b-8272-eeb936f50b07
[35m[HTTP][39m [37m<-- GET /wd/hub/session/76755eeb-a3f0-401b-8272-eeb936f50b07/source [39m[32m200[39m [90m32 ms - 14822[39m
[35m[HTTP][39m [90m[39m
[35m[HTTP][39m [37m-->[39m [37mGET[39m [37m/wd/hub/session/76755eeb-a3f0-401b-8272-eeb936f50b07/screenshot[39m
[35m[HTTP][39m [90m{}[39m
[35m[HTTP][39m [37m<-- GET /wd/hub/session/76755eeb-a3f0-401b-8272-eeb936f50b07/screenshot [39m[32m200[39m [90m322 ms - 924806[39m
[35m[HTTP][39m [90m[39m
[35m[HTTP][39m [37m-->[39m [37mPOST[39m [37m/wd/hub/session/76755eeb-a3f0-401b-8272-eeb936f50b07/elements[39m
[35m[HTTP][39m [90m{"using":"xpath","value":"//*[@class = 'android.widget.EditText' and (@text = 'Mật khẩu' or . = 'Mật khẩu') and @resource-id = 'vn.com.seabank.mb1:id/edtEditextBase']"}[39m
[35m[HTTP][39m [37m<-- POST /wd/hub/session/76755eeb-a3f0-401b-8272-eeb936f50b07/elements [39m[32m200[39m [90m34 ms - 139[39m
[35m[HTTP][39m [90m[39m
[35m[HTTP][39m [37m-->[39m [37mGET[39m [37m/wd/hub/session/76755eeb-a3f0-401b-8272-eeb936f50b07/window/rect[39m
[35m[HTTP][39m [90m{}[39m
[35m[HTTP][39m [37m<-- GET /wd/hub/session/76755eeb-a3f0-401b-8272-eeb936f50b07/window/rect [39m[32m200[39m [90m7 ms - 49[39m
[35m[HTTP][39m [90m[39m
[35m[HTTP][39m [37m-->[39m [37mPOST[39m [37m/wd/hub/session/76755eeb-a3f0-401b-8272-eeb936f50b07/elements[39m
[35m[HTTP][39m [90m{"using":"xpath","value":"//*[@class = 'android.widget.EditText' and (@text = 'Mật khẩu' or . = 'Mật khẩu') and @resource-id = 'vn.com.seabank.mb1:id/edtEditextBase']"}[39m
[35m[HTTP][39m [37m<-- POST /wd/hub/session/76755eeb-a3f0-401b-8272-eeb936f50b07/elements [39m[32m200[39m [90m32 ms - 139[39m
[35m[HTTP][39m [90m[39m
[35m[HTTP][39m [37m-->[39m [37mGET[39m [37m/wd/hub/session/76755eeb-a3f0-401b-8272-eeb936f50b07/element/00000000-0000-000a-7fff-ffff0000000f/location[39m
[35m[HTTP][39m [90m{}[39m
[35m[W3C (76755eeb)][39m Driver proxy active, passing request on via HTTP proxy
[35m[WD Proxy][39m Replacing sessionId a5b1f175-12d6-46c7-9350-afabfda93d00 with 76755eeb-a3f0-401b-8272-eeb936f50b07
[35m[HTTP][39m [37m<-- GET /wd/hub/session/76755eeb-a3f0-401b-8272-eeb936f50b07/element/00000000-0000-000a-7fff-ffff0000000f/location [39m[32m200[39m [90m11 ms - 77[39m
[35m[HTTP][39m [90m[39m
[35m[HTTP][39m [37m-->[39m [37mPOST[39m [37m/wd/hub/session/76755eeb-a3f0-401b-8272-eeb936f50b07/element/00000000-0000-000a-7fff-ffff0000000f/clear[39m
[35m[HTTP][39m [90m{"id":"00000000-0000-000a-7fff-ffff0000000f"}[39m
[35m[HTTP][39m [37m<-- POST /wd/hub/session/76755eeb-a3f0-401b-8272-eeb936f50b07/element/00000000-0000-000a-7fff-ffff0000000f/clear [39m[32m200[39m [90m9 ms - 14[39m
[35m[HTTP][39m [90m[39m
[35m[HTTP][39m [37m-->[39m [37mPOST[39m [37m/wd/hub/session/76755eeb-a3f0-401b-8272-eeb936f50b07/element/00000000-0000-000a-7fff-ffff0000000f/value[39m
[35m[HTTP][39m [90m{"id":"00000000-0000-000a-7fff-ffff0000000f","text":"Hatinh2509@","value":["H","a","t","i","n","h","2","5","0","9","@"]}[39m
[35m[HTTP][39m [37m<-- POST /wd/hub/session/76755eeb-a3f0-401b-8272-eeb936f50b07/element/00000000-0000-000a-7fff-ffff0000000f/value [39m[32m200[39m [90m1008 ms - 14[39m
[35m[HTTP][39m [90m[39m
[35m[HTTP][39m [37m-->[39m [37mGET[39m [37m/wd/hub/session/76755eeb-a3f0-401b-8272-eeb936f50b07/source[39m
[35m[HTTP][39m [90m{}[39m
[35m[W3C (76755eeb)][39m Driver proxy active, passing request on via HTTP proxy
[35m[WD Proxy][39m Replacing sessionId a5b1f175-12d6-46c7-9350-afabfda93d00 with 76755eeb-a3f0-401b-8272-eeb936f50b07
[35m[HTTP][39m [37m<-- GET /wd/hub/session/76755eeb-a3f0-401b-8272-eeb936f50b07/source [39m[32m200[39m [90m31 ms - 14843[39m
[35m[HTTP][39m [90m[39m
[35m[HTTP][39m [37m-->[39m [37mGET[39m [37m/wd/hub/session/76755eeb-a3f0-401b-8272-eeb936f50b07/screenshot[39m
[35m[HTTP][39m [90m{}[39m
[35m[HTTP][39m [37m<-- GET /wd/hub/session/76755eeb-a3f0-401b-8272-eeb936f50b07/screenshot [39m[32m200[39m [90m320 ms - 922716[39m
[35m[HTTP][39m [90m[39m
[35m[HTTP][39m [37m-->[39m [37mPOST[39m [37m/wd/hub/session/76755eeb-a3f0-401b-8272-eeb936f50b07/elements[39m
[35m[HTTP][39m [90m{"using":"xpath","value":"//*[@class = 'android.widget.Button' and (@text = 'Đăng nhập' or . = 'Đăng nhập') and @resource-id = 'vn.com.seabank.mb1:id/login_btnLogin']"}[39m
[35m[HTTP][39m [37m<-- POST /wd/hub/session/76755eeb-a3f0-401b-8272-eeb936f50b07/elements [39m[32m200[39m [90m28 ms - 139[39m
[35m[HTTP][39m [90m[39m
[35m[HTTP][39m [37m-->[39m [37mGET[39m [37m/wd/hub/session/76755eeb-a3f0-401b-8272-eeb936f50b07/window/rect[39m
[35m[HTTP][39m [90m{}[39m
[35m[HTTP][39m [37m<-- GET /wd/hub/session/76755eeb-a3f0-401b-8272-eeb936f50b07/window/rect [39m[32m200[39m [90m5 ms - 49[39m
[35m[HTTP][39m [90m[39m
[35m[HTTP][39m [37m-->[39m [37mPOST[39m [37m/wd/hub/session/76755eeb-a3f0-401b-8272-eeb936f50b07/elements[39m
[35m[HTTP][39m [90m{"using":"xpath","value":"//*[@class = 'android.widget.Button' and (@text = 'Đăng nhập' or . = 'Đăng nhập') and @resource-id = 'vn.com.seabank.mb1:id/login_btnLogin']"}[39m
[35m[HTTP][39m [37m<-- POST /wd/hub/session/76755eeb-a3f0-401b-8272-eeb936f50b07/elements [39m[32m200[39m [90m29 ms - 139[39m
[35m[HTTP][39m [90m[39m
[35m[HTTP][39m [37m-->[39m [37mGET[39m [37m/wd/hub/session/76755eeb-a3f0-401b-8272-eeb936f50b07/element/00000000-0000-000a-7fff-ffff00000007/location[39m
[35m[HTTP][39m [90m{}[39m
[35m[W3C (76755eeb)][39m Driver proxy active, passing request on via HTTP proxy
[35m[WD Proxy][39m Replacing sessionId a5b1f175-12d6-46c7-9350-afabfda93d00 with 76755eeb-a3f0-401b-8272-eeb936f50b07
[35m[HTTP][39m [37m<-- GET /wd/hub/session/76755eeb-a3f0-401b-8272-eeb936f50b07/element/00000000-0000-000a-7fff-ffff00000007/location [39m[32m200[39m [90m8 ms - 78[39m
[35m[HTTP][39m [90m[39m
[35m[HTTP][39m [37m-->[39m [37mPOST[39m [37m/wd/hub/session/76755eeb-a3f0-401b-8272-eeb936f50b07/element/00000000-0000-000a-7fff-ffff00000007/click[39m
[35m[HTTP][39m [90m{"id":"00000000-0000-000a-7fff-ffff00000007"}[39m
[35m[HTTP][39m [37m<-- POST /wd/hub/session/76755eeb-a3f0-401b-8272-eeb936f50b07/element/00000000-0000-000a-7fff-ffff00000007/click [39m[32m200[39m [90m139 ms - 14[39m
[35m[HTTP][39m [90m[39m
[35m[HTTP][39m [37m-->[39m [37mGET[39m [37m/wd/hub/session/76755eeb-a3f0-401b-8272-eeb936f50b07/source[39m
[35m[HTTP][39m [90m{}[39m
[35m[W3C (76755eeb)][39m Driver proxy active, passing request on via HTTP proxy
[35m[WD Proxy][39m Replacing sessionId a5b1f175-12d6-46c7-9350-afabfda93d00 with 76755eeb-a3f0-401b-8272-eeb936f50b07
[35m[HTTP][39m [37m<-- GET /wd/hub/session/76755eeb-a3f0-401b-8272-eeb936f50b07/source [39m[32m200[39m [90m99 ms - 2338[39m
[35m[HTTP][39m [90m[39m
[35m[HTTP][39m [37m-->[39m [37mGET[39m [37m/wd/hub/session/76755eeb-a3f0-401b-8272-eeb936f50b07/screenshot[39m
[35m[HTTP][39m [90m{}[39m
[35m[HTTP][39m [37m<-- GET /wd/hub/session/76755eeb-a3f0-401b-8272-eeb936f50b07/screenshot [39m[32m200[39m [90m307 ms - 699656[39m
[35m[HTTP][39m [90m[39m
[35m[HTTP][39m [37m-->[39m [37mGET[39m [37m/wd/hub/session/76755eeb-a3f0-401b-8272-eeb936f50b07/source[39m
[35m[HTTP][39m [90m{}[39m
[35m[W3C (76755eeb)][39m Driver proxy active, passing request on via HTTP proxy
[35m[WD Proxy][39m Replacing sessionId a5b1f175-12d6-46c7-9350-afabfda93d00 with 76755eeb-a3f0-401b-8272-eeb936f50b07
[35m[HTTP][39m [37m<-- GET /wd/hub/session/76755eeb-a3f0-401b-8272-eeb936f50b07/source [39m[32m200[39m [90m19 ms - 6094[39m
[35m[HTTP][39m [90m[39m
[35m[HTTP][39m [37m-->[39m [37mGET[39m [37m/wd/hub/session/76755eeb-a3f0-401b-8272-eeb936f50b07/screenshot[39m
[35m[HTTP][39m [90m{}[39m
[35m[HTTP][39m [37m<-- GET /wd/hub/session/76755eeb-a3f0-401b-8272-eeb936f50b07/screenshot [39m[32m200[39m [90m326 ms - 793486[39m
[35m[HTTP][39m [90m[39m
[35m[HTTP][39m [37m-->[39m [37mPOST[39m [37m/wd/hub/session/76755eeb-a3f0-401b-8272-eeb936f50b07/elements[39m
[35m[HTTP][39m [90m{"using":"xpath","value":"//*[@class = 'android.widget.TextView' and (@text = 'Quý khách cần đăng ký lại Soft OTP để sử dụng Ebank trên thiết bị này. Ngay khi chọn đăng ký, Soft OTP trên thiết bị khác (nếu có) của Quý khách sẽ bị hủy. Quý khách có muốn tiếp tục?' or . = 'Quý khách cần đăng ký lại Soft OTP để sử dụng Ebank trên thiết bị này. Ngay khi chọn đăng ký, Soft OTP trên thiết bị khác (nếu có) của Quý khách sẽ bị hủy. Quý khách có muốn tiếp tục?') and @resource-id = 'android:id/message']"}[39m
[35m[HTTP][39m [37m<-- POST /wd/hub/session/76755eeb-a3f0-401b-8272-eeb936f50b07/elements [39m[32m200[39m [90m22 ms - 139[39m
[35m[HTTP][39m [90m[39m
[35m[HTTP][39m [37m-->[39m [37mPOST[39m [37m/wd/hub/session/76755eeb-a3f0-401b-8272-eeb936f50b07/elements[39m
[35m[HTTP][39m [90m{"using":"xpath","value":"//*[@class = 'android.widget.TextView' and (@text = 'Quý khách cần đăng ký lại Soft OTP để sử dụng Ebank trên thiết bị này. Ngay khi chọn đăng ký, Soft OTP trên thiết bị khác (nếu có) của Quý khách sẽ bị hủy. Quý khách có muốn tiếp tục?' or . = 'Quý khách cần đăng ký lại Soft OTP để sử dụng Ebank trên thiết bị này. Ngay khi chọn đăng ký, Soft OTP trên thiết bị khác (nếu có) của Quý khách sẽ bị hủy. Quý khách có muốn tiếp tục?') and @resource-id = 'android:id/message']"}[39m
[35m[HTTP][39m [37m<-- POST /wd/hub/session/76755eeb-a3f0-401b-8272-eeb936f50b07/elements [39m[32m200[39m [90m15 ms - 139[39m
[35m[HTTP][39m [90m[39m
[35m[HTTP][39m [37m-->[39m [37mPOST[39m [37m/wd/hub/session/76755eeb-a3f0-401b-8272-eeb936f50b07/elements[39m
[35m[HTTP][39m [90m{"using":"xpath","value":"//*[@class = 'android.widget.TextView' and (@text = 'Quý khách cần đăng ký lại Soft OTP để sử dụng Ebank trên thiết bị này. Ngay khi chọn đăng ký, Soft OTP trên thiết bị khác (nếu có) của Quý khách sẽ bị hủy. Quý khách có muốn tiếp tục?' or . = 'Quý khách cần đăng ký lại Soft OTP để sử dụng Ebank trên thiết bị này. Ngay khi chọn đăng ký, Soft OTP trên thiết bị khác (nếu có) của Quý khách sẽ bị hủy. Quý khách có muốn tiếp tục?') and @resource-id = 'android:id/message']"}[39m
[35m[HTTP][39m [37m<-- POST /wd/hub/session/76755eeb-a3f0-401b-8272-eeb936f50b07/elements [39m[32m200[39m [90m21 ms - 139[39m
[35m[HTTP][39m [90m[39m
[35m[HTTP][39m [37m-->[39m [37mGET[39m [37m/wd/hub/session/76755eeb-a3f0-401b-8272-eeb936f50b07/source[39m
[35m[HTTP][39m [90m{}[39m
[35m[W3C (76755eeb)][39m Driver proxy active, passing request on via HTTP proxy
[35m[WD Proxy][39m Replacing sessionId a5b1f175-12d6-46c7-9350-afabfda93d00 with 76755eeb-a3f0-401b-8272-eeb936f50b07
[35m[HTTP][39m [37m<-- GET /wd/hub/session/76755eeb-a3f0-401b-8272-eeb936f50b07/source [39m[32m200[39m [90m19 ms - 6094[39m
[35m[HTTP][39m [90m[39m
[35m[HTTP][39m [37m-->[39m [37mGET[39m [37m/wd/hub/session/76755eeb-a3f0-401b-8272-eeb936f50b07/screenshot[39m
[35m[HTTP][39m [90m{}[39m
[35m[HTTP][39m [37m<-- GET /wd/hub/session/76755eeb-a3f0-401b-8272-eeb936f50b07/screenshot [39m[32m200[39m [90m320 ms - 793182[39m
[35m[HTTP][39m [90m[39m
[35m[HTTP][39m [37m-->[39m [37mPOST[39m [37m/wd/hub/session/76755eeb-a3f0-401b-8272-eeb936f50b07/elements[39m
[35m[HTTP][39m [90m{"using":"xpath","value":"//*[@class = 'android.widget.TextView' and (@text = 'Quý khách cần đăng ký lại Soft OTP để sử dụng Ebank trên thiết bị này. Ngay khi chọn đăng ký, Soft OTP trên thiết bị khác (nếu có) của Quý khách sẽ bị hủy. Quý khách có muốn tiếp tục?' or . = 'Quý khách cần đăng ký lại Soft OTP để sử dụng Ebank trên thiết bị này. Ngay khi chọn đăng ký, Soft OTP trên thiết bị khác (nếu có) của Quý khách sẽ bị hủy. Quý khách có muốn tiếp tục?') and @resource-id = 'android:id/message']"}[39m
[35m[HTTP][39m [37m<-- POST /wd/hub/session/76755eeb-a3f0-401b-8272-eeb936f50b07/elements [39m[32m200[39m [90m18 ms - 139[39m
[35m[HTTP][39m [90m[39m
[35m[HTTP][39m [37m-->[39m [37mDELETE[39m [37m/wd/hub/session/76755eeb-a3f0-401b-8272-eeb936f50b07[39m
[35m[HTTP][39m [90m{}[39m
[35m[Appium][39m Removing session 76755eeb-a3f0-401b-8272-eeb936f50b07 from our master session list
[35m[HTTP][39m [37m<-- DELETE /wd/hub/session/76755eeb-a3f0-401b-8272-eeb936f50b07 [39m[32m200[39m [90m973 ms - 14[39m
[35m[HTTP][39m [90m[39m
